This is pdfTeX, Version 3.141592653-2.6-1.40.23 (TeX Live 2021/W32TeX) (preloaded format=pdflatex 2021.11.10)  12 JUN 2022 16:38
entering extended mode
 restricted \write18 enabled.
 %&-line parsing enabled.
**If_you_go_down_to_the_woods.tex
(./If_you_go_down_to_the_woods.tex
LaTeX2e <2021-06-01> patch level 1
L3 programming layer <2021-10-18>
(c:/Users/matthew.grainger/AppData/Roaming/TinyTeX/texmf-dist/tex/latex/base/ar
ticle.cls
Document Class: article 2021/02/12 v1.4n Standard LaTeX document class

(c:/Users/matthew.grainger/AppData/Roaming/TinyTeX/texmf-dist/tex/latex/base/si
ze10.clo
File: size10.clo 2021/02/12 v1.4n Standard LaTeX file (size option)
)
\c@part=\count182
\c@section=\count183
\c@subsection=\count184
\c@subsubsection=\count185
\c@paragraph=\count186
\c@subparagraph=\count187
\c@figure=\count188
\c@table=\count189
\abovecaptionskip=\skip47
\belowcaptionskip=\skip48
\bibindent=\dimen138
)
(c:/Users/matthew.grainger/AppData/Roaming/TinyTeX/texmf-dist/tex/latex/lm/lmod
ern.sty
Package: lmodern 2015/05/01 v1.6.1 Latin Modern Fonts
LaTeX Font Info:    Overwriting symbol font `operators' in version `normal'
(Font)                  OT1/cmr/m/n --> OT1/lmr/m/n on input line 22.
LaTeX Font Info:    Overwriting symbol font `letters' in version `normal'
(Font)                  OML/cmm/m/it --> OML/lmm/m/it on input line 23.
LaTeX Font Info:    Overwriting symbol font `symbols' in version `normal'
(Font)                  OMS/cmsy/m/n --> OMS/lmsy/m/n on input line 24.
LaTeX Font Info:    Overwriting symbol font `largesymbols' in version `normal'
(Font)                  OMX/cmex/m/n --> OMX/lmex/m/n on input line 25.
LaTeX Font Info:    Overwriting symbol font `operators' in version `bold'
(Font)                  OT1/cmr/bx/n --> OT1/lmr/bx/n on input line 26.
LaTeX Font Info:    Overwriting symbol font `letters' in version `bold'
(Font)                  OML/cmm/b/it --> OML/lmm/b/it on input line 27.
LaTeX Font Info:    Overwriting symbol font `symbols' in version `bold'
(Font)                  OMS/cmsy/b/n --> OMS/lmsy/b/n on input line 28.
LaTeX Font Info:    Overwriting symbol font `largesymbols' in version `bold'
(Font)                  OMX/cmex/m/n --> OMX/lmex/m/n on input line 29.
LaTeX Font Info:    Overwriting math alphabet `\mathbf' in version `normal'
(Font)                  OT1/cmr/bx/n --> OT1/lmr/bx/n on input line 31.
LaTeX Font Info:    Overwriting math alphabet `\mathsf' in version `normal'
(Font)                  OT1/cmss/m/n --> OT1/lmss/m/n on input line 32.
LaTeX Font Info:    Overwriting math alphabet `\mathit' in version `normal'
(Font)                  OT1/cmr/m/it --> OT1/lmr/m/it on input line 33.
LaTeX Font Info:    Overwriting math alphabet `\mathtt' in version `normal'
(Font)                  OT1/cmtt/m/n --> OT1/lmtt/m/n on input line 34.
LaTeX Font Info:    Overwriting math alphabet `\mathbf' in version `bold'
(Font)                  OT1/cmr/bx/n --> OT1/lmr/bx/n on input line 35.
LaTeX Font Info:    Overwriting math alphabet `\mathsf' in version `bold'
(Font)                  OT1/cmss/bx/n --> OT1/lmss/bx/n on input line 36.
LaTeX Font Info:    Overwriting math alphabet `\mathit' in version `bold'
(Font)                  OT1/cmr/bx/it --> OT1/lmr/bx/it on input line 37.
LaTeX Font Info:    Overwriting math alphabet `\mathtt' in version `bold'
(Font)                  OT1/cmtt/m/n --> OT1/lmtt/m/n on input line 38.
)
(c:/Users/matthew.grainger/AppData/Roaming/TinyTeX/texmf-dist/tex/latex/amsfont
s/amssymb.sty
Package: amssymb 2013/01/14 v3.01 AMS font symbols

(c:/Users/matthew.grainger/AppData/Roaming/TinyTeX/texmf-dist/tex/latex/amsfont
s/amsfonts.sty
Package: amsfonts 2013/01/14 v3.01 Basic AMSFonts support
\@emptytoks=\toks16
\symAMSa=\mathgroup4
\symAMSb=\mathgroup5
LaTeX Font Info:    Redeclaring math symbol \hbar on input line 98.
LaTeX Font Info:    Overwriting math alphabet `\mathfrak' in version `bold'
(Font)                  U/euf/m/n --> U/euf/b/n on input line 106.
))
(c:/Users/matthew.grainger/AppData/Roaming/TinyTeX/texmf-dist/tex/latex/amsmath
/amsmath.sty
Package: amsmath 2021/04/20 v2.17j AMS math features
\@mathmargin=\skip49
For additional information on amsmath, use the `?' option.

(c:/Users/matthew.grainger/AppData/Roaming/TinyTeX/texmf-dist/tex/latex/amsmath
/amstext.sty
Package: amstext 2000/06/29 v2.01 AMS text

(c:/Users/matthew.grainger/AppData/Roaming/TinyTeX/texmf-dist/tex/latex/amsmath
/amsgen.sty
File: amsgen.sty 1999/11/30 v2.0 generic functions
\@emptytoks=\toks17
\ex@=\dimen139
))
(c:/Users/matthew.grainger/AppData/Roaming/TinyTeX/texmf-dist/tex/latex/amsmath
/amsbsy.sty
Package: amsbsy 1999/11/29 v1.2d Bold Symbols
\pmbraise@=\dimen140
)
(c:/Users/matthew.grainger/AppData/Roaming/TinyTeX/texmf-dist/tex/latex/amsmath
/amsopn.sty
Package: amsopn 2016/03/08 v2.02 operator names
)
\inf@bad=\count190
LaTeX Info: Redefining \frac on input line 234.
\uproot@=\count191
\leftroot@=\count192
LaTeX Info: Redefining \overline on input line 399.
\classnum@=\count193
\DOTSCASE@=\count194
LaTeX Info: Redefining \ldots on input line 496.
LaTeX Info: Redefining \dots on input line 499.
LaTeX Info: Redefining \cdots on input line 620.
\Mathstrutbox@=\box50
\strutbox@=\box51
\big@size=\dimen141
LaTeX Font Info:    Redeclaring font encoding OML on input line 743.
LaTeX Font Info:    Redeclaring font encoding OMS on input line 744.
\macc@depth=\count195
\c@MaxMatrixCols=\count196
\dotsspace@=\muskip16
\c@parentequation=\count197
\dspbrk@lvl=\count198
\tag@help=\toks18
\row@=\count199
\column@=\count266
\maxfields@=\count267
\andhelp@=\toks19
\eqnshift@=\dimen142
\alignsep@=\dimen143
\tagshift@=\dimen144
\tagwidth@=\dimen145
\totwidth@=\dimen146
\lineht@=\dimen147
\@envbody=\toks20
\multlinegap=\skip50
\multlinetaggap=\skip51
\mathdisplay@stack=\toks21
LaTeX Info: Redefining \[ on input line 2923.
LaTeX Info: Redefining \] on input line 2924.
)
(c:/Users/matthew.grainger/AppData/Roaming/TinyTeX/texmf-dist/tex/generic/iftex
/ifxetex.sty
Package: ifxetex 2019/10/25 v0.7 ifxetex legacy package. Use iftex instead.

(c:/Users/matthew.grainger/AppData/Roaming/TinyTeX/texmf-dist/tex/generic/iftex
/iftex.sty
Package: iftex 2020/03/06 v1.0d TeX engine tests
))
(c:/Users/matthew.grainger/AppData/Roaming/TinyTeX/texmf-dist/tex/generic/iftex
/ifluatex.sty
Package: ifluatex 2019/10/25 v1.5 ifluatex legacy package. Use iftex instead.
)
(c:/Users/matthew.grainger/AppData/Roaming/TinyTeX/texmf-dist/tex/latex/base/fo
ntenc.sty
Package: fontenc 2021/04/29 v2.0v Standard LaTeX package
LaTeX Font Info:    Trying to load font information for T1+lmr on input line 11
2.

(c:/Users/matthew.grainger/AppData/Roaming/TinyTeX/texmf-dist/tex/latex/lm/t1lm
r.fd
File: t1lmr.fd 2015/05/01 v1.6.1 Font defs for Latin Modern
))
(c:/Users/matthew.grainger/AppData/Roaming/TinyTeX/texmf-dist/tex/latex/base/in
putenc.sty
Package: inputenc 2021/02/14 v1.3d Input encoding file
\inpenc@prehook=\toks22
\inpenc@posthook=\toks23
)
(c:/Users/matthew.grainger/AppData/Roaming/TinyTeX/texmf-dist/tex/latex/base/te
xtcomp.sty
Package: textcomp 2020/02/02 v2.0n Standard LaTeX package
)
(c:/Users/matthew.grainger/AppData/Roaming/TinyTeX/texmf-dist/tex/latex/microty
pe/microtype.sty
Package: microtype 2021/10/31 v3.0 Micro-typographical refinements (RS)

(c:/Users/matthew.grainger/AppData/Roaming/TinyTeX/texmf-dist/tex/latex/graphic
s/keyval.sty
Package: keyval 2014/10/28 v1.15 key=value parser (DPC)
\KV@toks@=\toks24
)
(c:/Users/matthew.grainger/AppData/Roaming/TinyTeX/texmf-dist/tex/latex/etoolbo
x/etoolbox.sty
Package: etoolbox 2020/10/05 v2.5k e-TeX tools for LaTeX (JAW)
\etb@tempcnta=\count268
)
\MT@toks=\toks25
\MT@count=\count269
\MT@tempbox=\box52
\MT@leftmarginkern=\dimen148
\MT@rightmarginkern=\dimen149
LaTeX Info: Redefining \textls on input line 1114.
\MT@outer@kern=\dimen150
LaTeX Info: Redefining \textmicrotypecontext on input line 1700.
\MT@listname@count=\count270

(c:/Users/matthew.grainger/AppData/Roaming/TinyTeX/texmf-dist/tex/latex/microty
pe/microtype-pdftex.def
File: microtype-pdftex.def 2021/10/31 v3.0 Definitions specific to pdftex (RS)
LaTeX Info: Redefining \lsstyle on input line 915.
LaTeX Info: Redefining \lslig on input line 915.
\MT@outer@space=\skip52
)
Package microtype Info: Loading configuration file microtype.cfg.

(c:/Users/matthew.grainger/AppData/Roaming/TinyTeX/texmf-dist/tex/latex/microty
pe/microtype.cfg
File: microtype.cfg 2021/10/31 v3.0 microtype main configuration file (RS)
))
(c:/Users/matthew.grainger/AppData/Roaming/TinyTeX/texmf-dist/tex/latex/parskip
/parskip.sty
Package: parskip 2021-03-14 v2.0h non-zero parskip adjustments

(c:/Users/matthew.grainger/AppData/Roaming/TinyTeX/texmf-dist/tex/latex/kvoptio
ns/kvoptions.sty
Package: kvoptions 2020-10-07 v3.14 Key value format for package options (HO)

(c:/Users/matthew.grainger/AppData/Roaming/TinyTeX/texmf-dist/tex/generic/ltxcm
ds/ltxcmds.sty
Package: ltxcmds 2020-05-10 v1.25 LaTeX kernel commands for general use (HO)
)
(c:/Users/matthew.grainger/AppData/Roaming/TinyTeX/texmf-dist/tex/generic/kvset
keys/kvsetkeys.sty
Package: kvsetkeys 2019/12/15 v1.18 Key value parser (HO)
)))
(c:/Users/matthew.grainger/AppData/Roaming/TinyTeX/texmf-dist/tex/latex/xcolor/
xcolor.sty
Package: xcolor 2021/10/31 v2.13 LaTeX color extensions (UK)

(c:/Users/matthew.grainger/AppData/Roaming/TinyTeX/texmf-dist/tex/latex/graphic
s-cfg/color.cfg
File: color.cfg 2016/01/02 v1.6 sample color configuration
)
Package xcolor Info: Driver file: pdftex.def on input line 227.

(c:/Users/matthew.grainger/AppData/Roaming/TinyTeX/texmf-dist/tex/latex/graphic
s-def/pdftex.def
File: pdftex.def 2020/10/05 v1.2a Graphics/color driver for pdftex
)
Package xcolor Info: Model `cmy' substituted by `cmy0' on input line 1352.
Package xcolor Info: Model `hsb' substituted by `rgb' on input line 1356.
Package xcolor Info: Model `RGB' extended on input line 1368.
Package xcolor Info: Model `HTML' substituted by `rgb' on input line 1370.
Package xcolor Info: Model `Hsb' substituted by `hsb' on input line 1371.
Package xcolor Info: Model `tHsb' substituted by `hsb' on input line 1372.
Package xcolor Info: Model `HSB' substituted by `hsb' on input line 1373.
Package xcolor Info: Model `Gray' substituted by `gray' on input line 1374.
Package xcolor Info: Model `wave' substituted by `hsb' on input line 1375.
)
(c:/Users/matthew.grainger/AppData/Roaming/TinyTeX/texmf-dist/tex/latex/hyperre
f/hyperref.sty
Package: hyperref 2021-06-07 v7.00m Hypertext links for LaTeX

(c:/Users/matthew.grainger/AppData/Roaming/TinyTeX/texmf-dist/tex/generic/pdfte
xcmds/pdftexcmds.sty
Package: pdftexcmds 2020-06-27 v0.33 Utility functions of pdfTeX for LuaTeX (HO
)

(c:/Users/matthew.grainger/AppData/Roaming/TinyTeX/texmf-dist/tex/generic/infwa
rerr/infwarerr.sty
Package: infwarerr 2019/12/03 v1.5 Providing info/warning/error messages (HO)
)
Package pdftexcmds Info: \pdf@primitive is available.
Package pdftexcmds Info: \pdf@ifprimitive is available.
Package pdftexcmds Info: \pdfdraftmode found.
)
(c:/Users/matthew.grainger/AppData/Roaming/TinyTeX/texmf-dist/tex/generic/kvdef
inekeys/kvdefinekeys.sty
Package: kvdefinekeys 2019-12-19 v1.6 Define keys (HO)
)
(c:/Users/matthew.grainger/AppData/Roaming/TinyTeX/texmf-dist/tex/generic/pdfes
cape/pdfescape.sty
Package: pdfescape 2019/12/09 v1.15 Implements pdfTeX's escape features (HO)
)
(c:/Users/matthew.grainger/AppData/Roaming/TinyTeX/texmf-dist/tex/latex/hycolor
/hycolor.sty
Package: hycolor 2020-01-27 v1.10 Color options for hyperref/bookmark (HO)
)
(c:/Users/matthew.grainger/AppData/Roaming/TinyTeX/texmf-dist/tex/latex/letltxm
acro/letltxmacro.sty
Package: letltxmacro 2019/12/03 v1.6 Let assignment for LaTeX macros (HO)
)
(c:/Users/matthew.grainger/AppData/Roaming/TinyTeX/texmf-dist/tex/latex/auxhook
/auxhook.sty
Package: auxhook 2019-12-17 v1.6 Hooks for auxiliary files (HO)
)
\@linkdim=\dimen151
\Hy@linkcounter=\count271
\Hy@pagecounter=\count272

(c:/Users/matthew.grainger/AppData/Roaming/TinyTeX/texmf-dist/tex/latex/hyperre
f/pd1enc.def
File: pd1enc.def 2021-06-07 v7.00m Hyperref: PDFDocEncoding definition (HO)
Now handling font encoding PD1 ...
... no UTF-8 mapping file for font encoding PD1
)
(c:/Users/matthew.grainger/AppData/Roaming/TinyTeX/texmf-dist/tex/latex/hyperre
f/hyperref-langpatches.def
File: hyperref-langpatches.def 2021-06-07 v7.00m Hyperref: patches for babel la
nguages
)
(c:/Users/matthew.grainger/AppData/Roaming/TinyTeX/texmf-dist/tex/generic/intca
lc/intcalc.sty
Package: intcalc 2019/12/15 v1.3 Expandable calculations with integers (HO)
)
(c:/Users/matthew.grainger/AppData/Roaming/TinyTeX/texmf-dist/tex/generic/etexc
mds/etexcmds.sty
Package: etexcmds 2019/12/15 v1.7 Avoid name clashes with e-TeX commands (HO)
)
\Hy@SavedSpaceFactor=\count273

(c:/Users/matthew.grainger/AppData/Roaming/TinyTeX/texmf-dist/tex/latex/hyperre
f/puenc.def
File: puenc.def 2021-06-07 v7.00m Hyperref: PDF Unicode definition (HO)
Now handling font encoding PU ...
... no UTF-8 mapping file for font encoding PU
)
Package hyperref Info: Option `unicode' set `true' on input line 4073.
Package hyperref Info: Hyper figures OFF on input line 4192.
Package hyperref Info: Link nesting OFF on input line 4197.
Package hyperref Info: Hyper index ON on input line 4200.
Package hyperref Info: Plain pages OFF on input line 4207.
Package hyperref Info: Backreferencing OFF on input line 4212.
Package hyperref Info: Implicit mode ON; LaTeX internals redefined.
Package hyperref Info: Bookmarks ON on input line 4445.
\c@Hy@tempcnt=\count274

(c:/Users/matthew.grainger/AppData/Roaming/TinyTeX/texmf-dist/tex/latex/url/url
.sty
\Urlmuskip=\muskip17
Package: url 2013/09/16  ver 3.4  Verb mode for urls, etc.
)
LaTeX Info: Redefining \url on input line 4804.
\XeTeXLinkMargin=\dimen152

(c:/Users/matthew.grainger/AppData/Roaming/TinyTeX/texmf-dist/tex/generic/bitse
t/bitset.sty
Package: bitset 2019/12/09 v1.3 Handle bit-vector datatype (HO)

(c:/Users/matthew.grainger/AppData/Roaming/TinyTeX/texmf-dist/tex/generic/bigin
tcalc/bigintcalc.sty
Package: bigintcalc 2019/12/15 v1.5 Expandable calculations on big integers (HO
)
))
\Fld@menulength=\count275
\Field@Width=\dimen153
\Fld@charsize=\dimen154
Package hyperref Info: Hyper figures OFF on input line 6076.
Package hyperref Info: Link nesting OFF on input line 6081.
Package hyperref Info: Hyper index ON on input line 6084.
Package hyperref Info: backreferencing OFF on input line 6091.
Package hyperref Info: Link coloring OFF on input line 6096.
Package hyperref Info: Link coloring with OCG OFF on input line 6101.
Package hyperref Info: PDF/A mode OFF on input line 6106.
LaTeX Info: Redefining \ref on input line 6146.
LaTeX Info: Redefining \pageref on input line 6150.

(c:/Users/matthew.grainger/AppData/Roaming/TinyTeX/texmf-dist/tex/latex/base/at
begshi-ltx.sty
Package: atbegshi-ltx 2021/01/10 v1.0c Emulation of the original atbegshi
package with kernel methods
)
\Hy@abspage=\count276
\c@Item=\count277
\c@Hfootnote=\count278
)
Package hyperref Info: Driver (autodetected): hpdftex.

(c:/Users/matthew.grainger/AppData/Roaming/TinyTeX/texmf-dist/tex/latex/hyperre
f/hpdftex.def
File: hpdftex.def 2021-06-07 v7.00m Hyperref driver for pdfTeX

(c:/Users/matthew.grainger/AppData/Roaming/TinyTeX/texmf-dist/tex/latex/base/at
veryend-ltx.sty
Package: atveryend-ltx 2020/08/19 v1.0a Emulation of the original atvery packag
e
with kernel methods
)
\Fld@listcount=\count279
\c@bookmark@seq@number=\count280

(c:/Users/matthew.grainger/AppData/Roaming/TinyTeX/texmf-dist/tex/latex/rerunfi
lecheck/rerunfilecheck.sty
Package: rerunfilecheck 2019/12/05 v1.9 Rerun checks for auxiliary files (HO)

(c:/Users/matthew.grainger/AppData/Roaming/TinyTeX/texmf-dist/tex/generic/uniqu
ecounter/uniquecounter.sty
Package: uniquecounter 2019/12/15 v1.4 Provide unlimited unique counter (HO)
)
Package uniquecounter Info: New unique counter `rerunfilecheck' on input line 2
86.
)
\Hy@SectionHShift=\skip53
)
(c:/Users/matthew.grainger/AppData/Roaming/TinyTeX/texmf-dist/tex/latex/geometr
y/geometry.sty
Package: geometry 2020/01/02 v5.9 Page Geometry

(c:/Users/matthew.grainger/AppData/Roaming/TinyTeX/texmf-dist/tex/generic/iftex
/ifvtex.sty
Package: ifvtex 2019/10/25 v1.7 ifvtex legacy package. Use iftex instead.
)
\Gm@cnth=\count281
\Gm@cntv=\count282
\c@Gm@tempcnt=\count283
\Gm@bindingoffset=\dimen155
\Gm@wd@mp=\dimen156
\Gm@odd@mp=\dimen157
\Gm@even@mp=\dimen158
\Gm@layoutwidth=\dimen159
\Gm@layoutheight=\dimen160
\Gm@layouthoffset=\dimen161
\Gm@layoutvoffset=\dimen162
\Gm@dimlist=\toks26
)
(c:/Users/matthew.grainger/AppData/Roaming/TinyTeX/texmf-dist/tex/latex/fancyvr
b/fancyvrb.sty
Package: fancyvrb 2021/10/15 v3.9 verbatim text (tvz,hv)
\FV@CodeLineNo=\count284
\FV@InFile=\read2
\FV@TabBox=\box53
\c@FancyVerbLine=\count285
\FV@StepNumber=\count286
\FV@OutFile=\write3
)
(c:/Users/matthew.grainger/AppData/Roaming/TinyTeX/texmf-dist/tex/latex/framed/
framed.sty
Package: framed 2011/10/22 v 0.96: framed or shaded text with page breaks
\OuterFrameSep=\skip54
\fb@frw=\dimen163
\fb@frh=\dimen164
\FrameRule=\dimen165
\FrameSep=\dimen166
)
(c:/Users/matthew.grainger/AppData/Roaming/TinyTeX/texmf-dist/tex/latex/graphic
s/graphicx.sty
Package: graphicx 2020/12/05 v1.2c Enhanced LaTeX Graphics (DPC,SPQR)

(c:/Users/matthew.grainger/AppData/Roaming/TinyTeX/texmf-dist/tex/latex/graphic
s/graphics.sty
Package: graphics 2021/03/04 v1.4d Standard LaTeX Graphics (DPC,SPQR)

(c:/Users/matthew.grainger/AppData/Roaming/TinyTeX/texmf-dist/tex/latex/graphic
s/trig.sty
Package: trig 2016/01/03 v1.10 sin cos tan (DPC)
)
(c:/Users/matthew.grainger/AppData/Roaming/TinyTeX/texmf-dist/tex/latex/graphic
s-cfg/graphics.cfg
File: graphics.cfg 2016/06/04 v1.11 sample graphics configuration
)
Package graphics Info: Driver file: pdftex.def on input line 107.
)
\Gin@req@height=\dimen167
\Gin@req@width=\dimen168
)
(c:/Users/matthew.grainger/AppData/Roaming/TinyTeX/texmf-dist/tex/latex/grffile
/grffile.sty
Package: grffile 2019/11/11 v2.1 Extended file name support for graphics (legac
y)
Package grffile Info: This package is an empty stub for compatibility on input 
line 40.
)

! LaTeX Error: Missing \begin{document}.

See the LaTeX manual or LaTeX Companion for explanation.
Type  H <return>  for immediate help.
 ...                                              
                                                  
l.102 <
       !--radix_placeholder_navigation_in_header--> 
Here is how much of TeX's memory you used:
 11648 strings out of 480539
 173936 string characters out of 5900212
 509054 words of memory out of 5000000
 29184 multiletter control sequences out of 15000+600000
 406420 words of font info for 28 fonts, out of 8000000 for 9000
 14 hyphenation exceptions out of 8191
 60i,0n,66p,532b,270s stack positions out of 5000i,500n,10000p,200000b,80000s

!  ==> Fatal error occurred, no output PDF file produced!
